0 info it worked if it ends with ok
1 verbose cli [ 'C:\\Program Files\\nodejs\\node.exe',
1 verbose cli   'C:\\Program Files\\nodejs\\node_modules\\npm\\bin\\npm-cli.js',
1 verbose cli   'start' ]
2 info using npm@3.10.10
3 info using node@v6.11.0
4 verbose run-script [ 'prestart', 'start', 'poststart' ]
5 info lifecycle BPJS-Electron@1.0.0~prestart: BPJS-Electron@1.0.0
6 silly lifecycle BPJS-Electron@1.0.0~prestart: no script for prestart, continuing
7 info lifecycle BPJS-Electron@1.0.0~start: BPJS-Electron@1.0.0
8 verbose lifecycle BPJS-Electron@1.0.0~start: unsafe-perm in lifecycle true
9 verbose lifecycle BPJS-Electron@1.0.0~start: PATH: C:\Program Files\nodejs\node_modules\npm\bin\node-gyp-bin;D:\Web\ElectronJS\BPJS-Electron\node_modules\.bin;C:\Program Files\Docker\Docker\Resources\bin;C:\Program Files (x86)\Intel\iCLS Client\;C:\Program Files\Intel\iCLS Client\;C:\Windows\system32;C:\Windows;C:\Windows\System32\Wbem;C:\Windows\System32\WindowsPowerShell\v1.0\;C:\Program Files (x86)\Intel\Intel(R) Management Engine Components\DAL;C:\Program Files\Intel\Intel(R) Management Engine Components\DAL;C:\Program Files (x86)\Intel\Intel(R) Management Engine Components\IPT;C:\Program Files\Intel\Intel(R) Management Engine Components\IPT;C:\Program Files (x86)\NVIDIA Corporation\PhysX\Common;C:\Program Files\nodejs\;C:\Program Files\Geth;C:\Program Files (x86)\Yarn\bin;C:\Program Files\Git\cmd;C:\Users\USER\AppData\Local\Programs\Python\Python36-32\Scripts\;C:\Users\USER\AppData\Local\Programs\Python\Python36-32\;C:\Users\USER\AppData\Local\Microsoft\WindowsApps;C:\Users\USER\AppData\Roaming\npm;C:\Program Files (x86)\Microsoft VS Code\bin;C:\Users\USER\AppData\Local\atom\bin;C:\Users\USER\AppData\Local\Yarn\bin;C:\Program Files\Docker Toolbox;C:\Program Files\Heroku\bin
10 verbose lifecycle BPJS-Electron@1.0.0~start: CWD: D:\Web\ElectronJS\BPJS-Electron
11 silly lifecycle BPJS-Electron@1.0.0~start: Args: [ '/d /s /c', 'electron .' ]
12 silly lifecycle BPJS-Electron@1.0.0~start: Returned: code: 3221225786  signal: null
13 info lifecycle BPJS-Electron@1.0.0~start: Failed to exec start script
14 verbose stack Error: BPJS-Electron@1.0.0 start: `electron .`
14 verbose stack Exit status 3221225786
14 verbose stack     at EventEmitter.<anonymous> (C:\Program Files\nodejs\node_modules\npm\lib\utils\lifecycle.js:255:16)
14 verbose stack     at emitTwo (events.js:106:13)
14 verbose stack     at EventEmitter.emit (events.js:191:7)
14 verbose stack     at ChildProcess.<anonymous> (C:\Program Files\nodejs\node_modules\npm\lib\utils\spawn.js:40:14)
14 verbose stack     at emitTwo (events.js:106:13)
14 verbose stack     at ChildProcess.emit (events.js:191:7)
14 verbose stack     at maybeClose (internal/child_process.js:891:16)
14 verbose stack     at Process.ChildProcess._handle.onexit (internal/child_process.js:226:5)
15 verbose pkgid BPJS-Electron@1.0.0
16 verbose cwd D:\Web\ElectronJS\BPJS-Electron
17 error Windows_NT 10.0.14393
18 error argv "C:\\Program Files\\nodejs\\node.exe" "C:\\Program Files\\nodejs\\node_modules\\npm\\bin\\npm-cli.js" "start"
19 error node v6.11.0
20 error npm  v3.10.10
21 error code ELIFECYCLE
22 error BPJS-Electron@1.0.0 start: `electron .`
22 error Exit status 3221225786
23 error Failed at the BPJS-Electron@1.0.0 start script 'electron .'.
23 error Make sure you have the latest version of node.js and npm installed.
23 error If you do, this is most likely a problem with the BPJS-Electron package,
23 error not with npm itself.
23 error Tell the author that this fails on your system:
23 error     electron .
23 error You can get information on how to open an issue for this project with:
23 error     npm bugs BPJS-Electron
23 error Or if that isn't available, you can get their info via:
23 error     npm owner ls BPJS-Electron
23 error There is likely additional logging output above.
24 verbose exit [ 1, true ]
